Downloads/desh-deepak-Frontend-master/build/app/outputs/mapping/release/seeds.txt
com.example.sugandh.MainActivity
com.example.sugandh.MainActivity: MainActivity()
...
io.flutter.embedding.android.FlutterImageView$SurfaceKind: io.flutter.embedding.android.FlutterImageView$SurfaceKind[] values()
kotlinx.coroutines.DefaultExecutor: int debugStatus
androidx.window.layout.ExtensionsWindowLayoutInfoAdapter: androidx.window.layout.ExtensionsWindowLayoutInfoAdapter INSTANCE
androidx.window.R$styleable: int[] SplitPlaceholderRule
androidx.window.embedding.SplitRule: int getMinWidth()
kotlinx.coroutines.internal.LockFreeLinkedListNode
kotlinx.coroutines.scheduling.CoroutineScheduler: long controlState
androidx.window.embedding.SplitPairFilter: android.content.ComponentName primaryActivityName
io.flutter.plugin.platform.SingleViewPresentation: io.flutter.plugin.platform.SingleViewPresentation$PresentationState detachState()
androidx.window.layout.SidecarCompat: void unregisterComponentCallback(android.app.Activity)
io.flutter.embedding.engine.FlutterJNI: boolean nativeFlutterTextUtilsIsVariationSelector(int)
androidx.window.embedding.ActivityFilter: java.lang.String toString()
io.flutter.embedding.engine.FlutterJNI: void setAsyncWaitForVsyncDelegate(io.flutter.embedding.engine.FlutterJNI$AsyncWaitForVsyncDelegate)
androidx.window.embedding.EmbeddingBackend: boolean isSplitSupported()
androidx.window.layout.ExtensionsWindowLayoutInfoAdapter
io.flutter.embedding.engine.FlutterJNI: void nativeUnregisterTexture(long,long)
io.flutter.embedding.android.FlutterView: void setWindowInfoListenerDisplayFeatures(androidx.window.layout.WindowLayoutInfo)
kotlin.jvm.internal.CallableReference: java.util.List getAnnotations()
androidx.lifecycle.Lifecycle$Event: androidx.lifecycle.Lifecycle$Event ON_RESUME
androidx.window.layout.WindowLayoutInfo
androidx.window.embedding.EmbeddingAdapter: boolean translateActivityPredicates$lambda-6(java.util.Set,android.app.Activity)
io.flutter.plugin.editing.ImeSyncDeferringInsetsCallback: android.view.WindowInsets access$402(io.flutter.plugin.editing.ImeSyncDeferringInsetsCallback,android.view.WindowInsets)
androidx.window.core.Version: Version(int,int,int,java.lang.String,kotlin.jvm.internal.DefaultConstructorMarker)
androidx.window.embedding.EmbeddingTranslatingCallback: androidx.window.embedding.EmbeddingInterfaceCompat$EmbeddingCallbackInterface callback
androidx.window.embedding.ActivityStack: java.util.List activities
androidx.window.embedding.EmbeddingCompat: boolean DEBUG
io.flutter.embedding.engine.FlutterJNI: boolean loadLibraryCalled
androidx.window.embedding.SplitRuleParser: androidx.window.embedding.SplitPairRule parseSplitPairRule(android.content.Context,android.content.res.XmlResourceParser)
io.flutter.embedding.engine.renderer.SurfaceTextureWrapper: java.lang.Runnable onFrameConsumed
io.flutter.embedding.engine.mutatorsstack.FlutterMutatorsStack: java.util.List getMutators()
io.flutter.embedding.engine.FlutterJNI: boolean prefetchDefaultFontManagerCalled
io.flutter.embedding.engine.renderer.SurfaceTextureWrapper: void detachFromGLContext()
androidx.window.embedding.SplitRule$Api30Impl: android.graphics.Rect getBounds(android.view.WindowMetrics)
kotlin.jvm.internal.CallableReference: java.lang.Object receiver
androidx.window.layout.HardwareFoldingFeature: androidx.window.layout.HardwareFoldingFeature$Type type
kotlin.coroutines.jvm.internal.SuspendLambda: java.lang.String toString()
io.flutter.view.AccessibilityBridge$Action: io.flutter.view.AccessibilityBridge$Action valueOf(java.lang.String)
androidx.window.layout.SidecarWindowBackend$WindowLayoutChangeCallbackWrapper
androidx.window.layout.DisplayCompatHelperApi17: void getRealSize(android.view.Display,android.graphics.Point)
androidx.window.layout.DisplayCompatHelperApi28: int safeInsetRight(android.view.DisplayCutout)
kotlinx.coroutines.DispatchedCoroutine: int _decision
androidx.core.app.CoreComponentFactory: CoreComponentFactory()
io.flutter.view.AccessibilityViewEmbedder: boolean requestSendAccessibilityEvent(android.view.View,android.view.View,android.view.accessibility.AccessibilityEvent)