Downloads/desh-deepak-Frontend-master/build/app/outputs/mapping/release/mapping.txt
# compiler: R8
# compiler_version: 2.1.62
# min_api: 16
# pg_map_id: 82a0554
# common_typos_disable
...
kotlin.ranges.IntRange -> f.x.c:
    kotlin.ranges.IntRange$Companion Companion -> h
    kotlin.ranges.IntRange EMPTY -> i
    kotlin.ranges.IntRange access$getEMPTY$cp() -> e
    java.lang.Integer getEndInclusive() -> f
    java.lang.Integer getStart() -> g
kotlin.ranges.IntRange$Companion -> f.x.c$a:
    kotlin.ranges.IntRange getEMPTY() -> a
kotlin.ranges.RangesKt -> f.x.d:
    int coerceAtLeast(int,int) -> a
    long coerceAtLeast(long,long) -> b
    int coerceAtMost(int,int) -> c
    long coerceAtMost(long,long) -> d
    int coerceIn(int,int,int) -> e
    kotlin.ranges.IntProgression downTo(int,int) -> f
    kotlin.ranges.IntRange until(int,int) -> g
kotlin.ranges.RangesKt__RangesKt -> f.x.e:
kotlin.ranges.RangesKt___RangesKt -> f.x.f:
    int coerceAtLeast(int,int) -> a
    long coerceAtLeast(long,long) -> b
    int coerceAtMost(int,int) -> c
    long coerceAtMost(long,long) -> d
    int coerceIn(int,int,int) -> e
    kotlin.ranges.IntProgression downTo(int,int) -> f
    kotlin.ranges.IntRange until(int,int) -> g
kotlin.reflect.KAnnotatedElement -> f.y.a:
kotlin.reflect.KCallable -> f.y.b:
kotlin.reflect.KClass -> f.y.c:
    java.lang.String getSimpleName() -> a
kotlin.reflect.KDeclarationContainer -> f.y.d:
kotlin.reflect.KFunction -> f.y.e:
kotlin.reflect.KType -> f.y.f:
kotlin.reflect.KVisibility -> f.y.g:
    kotlin.reflect.KVisibility[] $VALUES -> h
    kotlin.reflect.KVisibility PUBLIC -> d
    kotlin.reflect.KVisibility PROTECTED -> e
    kotlin.reflect.KVisibility INTERNAL -> f
    kotlin.reflect.KVisibility PRIVATE -> g
    kotlin.reflect.KVisibility[] $values() -> a
kotlin.sequences.ConstrainedOnceSequence -> f.z.a:
    java.util.concurrent.atomic.AtomicReference sequenceRef -> a
kotlin.sequences.Sequence -> f.z.b:
kotlin.sequences.SequencesKt -> f.z.c:
    kotlin.sequences.Sequence asSequence(java.util.Iterator) -> a
    kotlin.sequences.Sequence map(kotlin.sequences.Sequence,kotlin.jvm.functions.Function1) -> c
    java.util.List toList(kotlin.sequences.Sequence) -> e
kotlin.sequences.SequencesKt__SequenceBuilderKt -> f.z.d:
kotlin.sequences.SequencesKt__SequencesJVMKt -> f.z.e:
kotlin.sequences.SequencesKt__SequencesKt -> f.z.f:
    kotlin.sequences.Sequence asSequence(java.util.Iterator) -> a
    kotlin.sequences.Sequence constrainOnce(kotlin.sequences.Sequence) -> b
kotlin.sequences.SequencesKt__SequencesKt$asSequence$$inlined$Sequence$1 -> f.z.f$a:
    java.util.Iterator $this_asSequence$inlined -> a
kotlin.sequences.SequencesKt___SequencesJvmKt -> f.z.g:
kotlin.sequences.SequencesKt___SequencesKt -> f.z.h:
    kotlin.sequences.Sequence map(kotlin.sequences.Sequence,kotlin.jvm.functions.Function1) -> c
    java.util.Collection toCollection(kotlin.sequences.Sequence,java.util.Collection) -> d
    java.util.List toList(kotlin.sequences.Sequence) -> e
    java.util.List toMutableList(kotlin.sequences.Sequence) -> f
kotlin.sequences.TransformingSequence -> f.z.i:
    kotlin.sequences.Sequence sequence -> a
    kotlin.jvm.functions.Function1 transformer -> b
    kotlin.sequences.Sequence access$getSequence$p(kotlin.sequences.TransformingSequence) -> a
    kotlin.jvm.functions.Function1 access$getTransformer$p(kotlin.sequences.TransformingSequence) -> b
kotlin.sequences.TransformingSequence$iterator$1 -> f.z.i$a:
    java.util.Iterator iterator -> d
    kotlin.sequences.TransformingSequence this$0 -> e
kotlin.text.CharsKt__CharJVMKt -> f.a0.a:
    int checkRadix(int) -> a
    int digitOf(char,int) -> b
    boolean isWhitespace(char) -> c
kotlin.text.CharsKt__CharKt -> f.a0.b:
    boolean equals(char,char,boolean) -> d