Downloads/desh-deepak-Frontend-master/build/app/outputs/mapping/release/usage.txt
com.example.sugandh.R$string
com.example.sugandh.BuildConfig
com.example.sugandh.R$id
com.example.sugandh.R$mipmap
com.example.sugandh.R$integer
com.example.sugandh.R$style
com.example.sugandh.R$color
com.example.sugandh.R$dimen
com.example.sugandh.R$layout
com.example.sugandh.R$attr
com.example.sugandh.R$styleable
com.example.sugandh.R$drawable
com.example.sugandh.R
...
kotlin.reflect.KMutableProperty0$Setter
com.google.common.collect.Collections2$PermutationIterator
com.google.common.util.concurrent.UncaughtExceptionHandlers$Exiter
com.google.common.collect.StandardTable
com.google.common.collect.Maps$5
kotlinx.coroutines.CoroutineContextKt:
    public static final boolean getUseCoroutinesScheduler()
    public static final java.lang.Object withCoroutineContext(kotlin.coroutines.CoroutineContext,java.lang.Object,kotlin.jvm.functions.Function0)
    public static final java.lang.Object withContinuationContext(kotlin.coroutines.Continuation,java.lang.Object,kotlin.jvm.functions.Function0)
    public static final java.lang.String COROUTINES_SCHEDULER_PROPERTY_NAME
    private static final java.lang.String DEBUG_THREAD_NAME_SEPARATOR
com.google.common.hash.Striped64$Cell
com.google.common.collect.StandardTable$Row$2
com.google.common.primitives.Shorts
androidx.core.graphics.PathParser$PathDataNode
com.google.common.collect.ConcurrentHashMultiset
androidx.core.view.ViewCompat$OnUnhandledKeyEventListenerCompat
com.google.common.collect.ImmutableEnumSet$1
kotlinx.coroutines.selects.SelectBuilderImpl
kotlinx.coroutines.channels.TickerChannelsKt$fixedDelayTicker$1
com.google.common.cache.LocalCache$ValueIterator
kotlinx.coroutines.channels.ChannelsKt__DeprecatedKt$count$1
kotlin.collections.MapWithDefault
androidx.customview.R
com.google.common.collect.Cut$AboveValue
com.google.common.graph.ConfigurableValueGraph
kotlinx.coroutines.DisposeOnCompletion
com.google.common.hash.BloomFilter$1
com.google.common.primitives.Doubles$DoubleConverter
com.google.errorprone.annotations.DoNotCall
com.google.common.util.concurrent.AbstractScheduledService$ServiceDelegate$Task
androidx.core.app.NotificationCompat$Action$SemanticAction
com.google.common.graph.DirectedNetworkConnections
com.google.common.collect.Maps$TransformedEntriesMap
com.google.common.collect.SortedLists$KeyPresentBehavior$2
com.google.common.graph.EndpointPair$1
com.google.common.base.CaseFormat$3
com.google.common.collect.Multimaps$TransformedEntriesListMultimap
androidx.annotation.RawRes
kotlin.ranges.CharRange$Companion
kotlin.OverloadResolutionByLambdaReturnType
io.flutter.plugins.pathprovider.R$color
androidx.fragment.R$dimen
kotlinx.coroutines.internal.ExceptionsConstuctorKt:
    private static final kotlin.jvm.functions.Function1 safeCtor(kotlin.jvm.functions.Function1)
androidx.annotation.VisibleForTesting
com.google.common.io.CharSource$EmptyCharSource
androidx.lifecycle.Lifecycling
com.google.common.util.concurrent.SimpleTimeLimiter
kotlinx.coroutines.flow.FlowKt__ZipKt$combineTransform$7
com.google.common.collect.FilteredEntryMultimap$AsMap
kotlin.collections.builders.ListBuilder$Itr
com.google.common.collect.ImmutableSortedSet$SerializedForm
com.google.common.io.ByteStreams$ByteArrayDataOutputStream
androidx.core.view.inputmethod.InputContentInfoCompat
kotlinx.coroutines.ExecutorsKt:
    public static final kotlinx.coroutines.ExecutorCoroutineDispatcher from(java.util.concurrent.ExecutorService)
    public static final java.util.concurrent.Executor asExecutor(kotlinx.coroutines.CoroutineDispatcher)
androidx.core.app.NotificationCompat$BigPictureStyle
com.google.common.graph.Traverser$TreeTraverser$DepthFirstPostOrderIterator
com.google.common.util.concurrent.ListeningExecutorService
androidx.core.content.pm.ShortcutInfoCompatSaver$NoopImpl
kotlin.contracts.ConditionalEffect
kotlinx.coroutines.internal.LockFreeLinkedListKt:
    public static synthetic void getUNDECIDED$annotations()
    public static synthetic void getSUCCESS$annotations()
    public static synthetic void getFAILURE$annotations()
    public static synthetic void getCONDITION_FALSE$annotations()
    public static final java.lang.Object getLIST_EMPTY()
    public static synthetic void getLIST_EMPTY$annotations()
    public static final int UNDECIDED
    public static final int SUCCESS
    public static final int FAILURE